<?xml version="1.0" encoding="UTF-8"?>
<testng-results skipped="0" failed="1" ignored="0" total="1" passed="0">
  <reporter-output>
  </reporter-output>
  <suite name="Default suite" duration-ms="5969" started-at="2022-07-25T14:20:46 IST" finished-at="2022-07-25T14:20:52 IST">
    <groups>
    </groups>
    <test name="Default test" duration-ms="5969" started-at="2022-07-25T14:20:46 IST" finished-at="2022-07-25T14:20:52 IST">
      <class name="homepageTests.Duplicate">
        <test-method status="PASS" signature="openBrowser()[pri:0, instance:homepageTests.Duplicate@553a3d88]" name="openBrowser" is-config="true" duration-ms="7999" started-at="2022-07-25T14:20:38 IST" finished-at="2022-07-25T14:20:46 IST">
          <reporter-output>
          </reporter-output>
        </test-method> <!-- openBrowser -->
        <test-method status="FAIL" signature="abpreport()[pri:0, instance:homepageTests.Duplicate@553a3d88]" name="abpreport" duration-ms="66" started-at="2022-07-25T14:20:46 IST" finished-at="2022-07-25T14:20:46 IST">
          <exception class="java.io.IOException">
            <message>
              <![CDATA[Failed to read zip entry source]]>
            </message>
            <full-stacktrace>
              <![CDATA[java.io.IOException: Failed to read zip entry source
at org.apache.poi.openxml4j.opc.ZipPackage.<init>(ZipPackage.java:103)
at org.apache.poi.openxml4j.opc.OPCPackage.open(OPCPackage.java:324)
at org.apache.poi.util.PackageHelper.open(PackageHelper.java:37)
at org.apache.poi.xssf.usermodel.XSSFWorkbook.<init>(XSSFWorkbook.java:295)
at genricutility.Excelutility.getCellData(Excelutility.java:58)
at genricutility.Excelutility.writeDataInBlankcell(Excelutility.java:111)
at homepageTests.Duplicate.abpreport(Duplicate.java:43)
at sun.reflect.NativeMethodAccessorImpl.invoke0(Native Method)
at sun.reflect.NativeMethodAccessorImpl.invoke(NativeMethodAccessorImpl.java:62)
at sun.reflect.DelegatingMethodAccessorImpl.invoke(DelegatingMethodAccessorImpl.java:43)
at java.lang.reflect.Method.invoke(Method.java:498)
at org.testng.internal.MethodInvocationHelper.invokeMethod(MethodInvocationHelper.java:133)
at org.testng.internal.TestInvoker.invokeMethod(TestInvoker.java:598)
at org.testng.internal.TestInvoker.invokeTestMethod(TestInvoker.java:173)
at org.testng.internal.MethodRunner.runInSequence(MethodRunner.java:46)
at org.testng.internal.TestInvoker$MethodInvocationAgent.invoke(TestInvoker.java:824)
at org.testng.internal.TestInvoker.invokeTestMethods(TestInvoker.java:146)
at org.testng.internal.TestMethodWorker.invokeTestMethods(TestMethodWorker.java:146)
at org.testng.internal.TestMethodWorker.run(TestMethodWorker.java:128)
at java.util.ArrayList.forEach(ArrayList.java:1257)
at org.testng.TestRunner.privateRun(TestRunner.java:794)
at org.testng.TestRunner.run(TestRunner.java:596)
at org.testng.SuiteRunner.runTest(SuiteRunner.java:377)
at org.testng.SuiteRunner.runSequentially(SuiteRunner.java:371)
at org.testng.SuiteRunner.privateRun(SuiteRunner.java:332)
at org.testng.SuiteRunner.run(SuiteRunner.java:276)
at org.testng.SuiteRunnerWorker.runSuite(SuiteRunnerWorker.java:53)
at org.testng.SuiteRunnerWorker.run(SuiteRunnerWorker.java:96)
at org.testng.TestNG.runSuitesSequentially(TestNG.java:1212)
at org.testng.TestNG.runSuitesLocally(TestNG.java:1134)
at org.testng.TestNG.runSuites(TestNG.java:1063)
at org.testng.TestNG.run(TestNG.java:1031)
at org.testng.remote.AbstractRemoteTestNG.run(AbstractRemoteTestNG.java:115)
at org.testng.remote.RemoteTestNG.initAndRun(RemoteTestNG.java:251)
at org.testng.remote.RemoteTestNG.main(RemoteTestNG.java:77)
Caused by: java.util.zip.ZipException: invalid stored block lengths
at java.util.zip.InflaterInputStream.read(InflaterInputStream.java:164)
at java.util.zip.ZipInputStream.read(ZipInputStream.java:194)
at org.apache.poi.openxml4j.util.ZipSecureFile$ThresholdInputStream.read(ZipSecureFile.java:220)
at java.io.FilterInputStream.read(FilterInputStream.java:107)
at org.apache.poi.openxml4j.util.ZipInputStreamZipEntrySource$FakeZipEntry.<init>(ZipInputStreamZipEntrySource.java:132)
at org.apache.poi.openxml4j.util.ZipInputStreamZipEntrySource.<init>(ZipInputStreamZipEntrySource.java:56)
at org.apache.poi.openxml4j.opc.ZipPackage.<init>(ZipPackage.java:100)
... 34 more
]]>
            </full-stacktrace>
          </exception> <!-- java.io.IOException -->
          <reporter-output>
          </reporter-output>
        </test-method> <!-- abpreport -->
        <test-method status="PASS" signature="AfterTestResult(org.testng.ITestResult)[pri:0, instance:homepageTests.Duplicate@553a3d88]" name="AfterTestResult" is-config="true" duration-ms="5862" started-at="2022-07-25T14:20:46 IST" finished-at="2022-07-25T14:20:52 IST">
          <params>
            <param index="0">
              <value>
                <![CDATA[[TestResult name=abpreport status=FAILURE method=Duplicate.abpreport()[pri:0, instance:homepageTests.Duplicate@553a3d88] output={null}]]]>
              </value>
            </param>
          </params>
          <reporter-output>
          </reporter-output>
        </test-method> <!-- AfterTestResult -->
        <test-method status="PASS" signature="teardown()[pri:0, instance:homepageTests.Duplicate@553a3d88]" name="teardown" is-config="true" duration-ms="792" started-at="2022-07-25T14:20:52 IST" finished-at="2022-07-25T14:20:53 IST">
          <reporter-output>
          </reporter-output>
        </test-method> <!-- teardown -->
      </class> <!-- homepageTests.Duplicate -->
    </test> <!-- Default test -->
  </suite> <!-- Default suite -->
</testng-results>
